<?xml version="1.0" encoding="UTF-8"?>
<!-- Generated by org.testng.reporters.JUnitReportReporter -->
<testsuite name="com.selenium.tests.AddToCartTests" tests="2" time="53.779" ignored="0" failures="0" timestamp="25 Nov 2017 22:02:34 GMT" skipped="0" hostname="L75305803" errors="0">
  <testcase name="VerifyProductAddedToCartTest" time="37.596" classname="com.selenium.tests.AddToCartTests"/>
  <testcase name="VerifyProductAddedToCartTest" time="16.183" classname="com.selenium.tests.AddToCartTests"/>
</testsuite> <!-- com.selenium.tests.AddToCartTests -->
