<?xml version="1.0" encoding="UTF-8"?>
<!-- Generated by org.testng.reporters.JUnitReportReporter -->
<testsuite name="com.selenium.pages.NewTest" tests="1" time="0.014" ignored="0" failures="0" timestamp="23 Nov 2017 14:57:20 GMT" skipped="0" hostname="L75305803" errors="0">
  <testcase name="f" time="0.014" classname="com.selenium.pages.NewTest"/>
</testsuite> <!-- com.selenium.pages.NewTest -->
